<?xml version="1.0" encoding="UTF-8"?>
<testng-results ignored="0" total="1" passed="1" failed="0" skipped="0">
  <reporter-output>
  </reporter-output>
  <suite started-at="2023-08-08T10:26:18 IST" name="Surefire suite" finished-at="2023-08-08T10:26:53 IST" duration-ms="34781">
    <groups>
      <group name="cucumber">
        <method signature="AbstractTestNGCucumberTests.runScenario(io.cucumber.testng.PickleWrapper,io.cucumber.testng.FeatureWrapper)[pri:0, instance:cucumberOptions.TestNgTestRunner@79d8407f]" name="runScenario" class="io.cucumber.testng.AbstractTestNGCucumberTests"/>
      </group> <!-- cucumber -->
    </groups>
    <test started-at="2023-08-08T10:26:18 IST" name="Surefire test" finished-at="2023-08-08T10:26:53 IST" duration-ms="34781">
      <class name="cucumberOptions.TestNgTestRunner">
        <test-method is-config="true" signature="setUpClass(org.testng.ITestContext)[pri:0, instance:cucumberOptions.TestNgTestRunner@79d8407f]" started-at="2023-08-08T10:26:18 IST" name="setUpClass" finished-at="2023-08-08T10:26:21 IST" duration-ms="2267" status="PASS">
          <params>
            <param index="0">
              <value>
                <![CDATA[org.testng.TestRunner@7e62cfa3]]>
              </value>
            </param>
          </params>
          <reporter-output>
          </reporter-output>
        </test-method> <!-- setUpClass -->
        <test-method signature="runScenario(io.cucumber.testng.PickleWrapper,io.cucumber.testng.FeatureWrapper)[pri:0, instance:cucumberOptions.TestNgTestRunner@79d8407f]" started-at="2023-08-08T10:26:21 IST" name="runScenario" description="Runs Cucumber Scenarios" data-provider="scenarios" finished-at="2023-08-08T10:26:53 IST" duration-ms="32171" status="PASS">
          <params>
            <param index="0">
              <value>
                <![CDATA["Verify the search functionality for non existing products"]]>
              </value>
            </param>
            <param index="1">
              <value>
                <![CDATA["Optional[User is able to use home page and validate all the features]"]]>
              </value>
            </param>
          </params>
          <reporter-output>
          </reporter-output>
        </test-method> <!-- runScenario -->
        <test-method is-config="true" signature="tearDownClass()[pri:0, instance:cucumberOptions.TestNgTestRunner@79d8407f]" started-at="2023-08-08T10:26:53 IST" name="tearDownClass" finished-at="2023-08-08T10:26:53 IST" duration-ms="215" status="PASS">
          <reporter-output>
          </reporter-output>
        </test-method> <!-- tearDownClass -->
      </class> <!-- cucumberOptions.TestNgTestRunner -->
    </test> <!-- Surefire test -->
  </suite> <!-- Surefire suite -->
</testng-results>
