<?xml version="1.0" encoding="UTF-8"?>
<!-- Generated by org.testng.reporters.JUnitReportReporter -->
<testsuite hostname="DESKTOP-QL7K25G" failures="1" tests="1" name="cucumberOptions.TestNgTestRunner" time="54.181" errors="0" timestamp="2023-03-02T10:03:27 IST" skipped="0">
  <testcase classname="cucumberOptions.TestNgTestRunner" name="runScenario" time="54.181">
    <failure message="Order is not success: Failed expected [false] but found [true]" type="java.lang.AssertionError">
      <![CDATA[java.lang.AssertionError: Order is not success: Failed expected [false] but found [true]
at org.testng.Assert.fail(Assert.java:99)
at org.testng.Assert.failNotEquals(Assert.java:1037)
at org.testng.Assert.assertFalse(Assert.java:67)
at stedDefinations.OrderPagestepDefinations.verify_order_is_success(OrderPagestepDefinations.java:46)
at ✽.Verify order is success(file:///C:/Batch5/Denmark/src/test/java/features/Order.feature:17)
]]>
    </failure>
  </testcase> <!-- runScenario -->
  <system-out/>
</testsuite> <!-- cucumberOptions.TestNgTestRunner -->
